android/app/build/outputs/mapping/release/seeds.txt
com.bitlist.MainActivity
com.bitlist.MainActivity: MainActivity()
com.bitlist.MainApplication
com.bitlist.MainApplication: MainApplication()
com.bitlist.R$anim: int abc_fade_in
com.bitlist.R$anim: int abc_fade_out
com.bitlist.R$anim: int abc_grow_fade_in_from_bottom
com.bitlist.R$anim: int abc_popup_enter
com.bitlist.R$anim: int abc_popup_exit
com.bitlist.R$anim: int abc_shrink_fade_out_from_bottom
com.bitlist.R$anim: int abc_slide_in_bottom
com.bitlist.R$anim: int abc_slide_in_top
com.bitlist.R$anim: int abc_slide_out_bottom
com.bitlist.R$anim: int abc_slide_out_top
com.bitlist.R$anim: int catalyst_fade_in
com.bitlist.R$anim: int catalyst_fade_out
com.bitlist.R$anim: int catalyst_push_up_in
com.bitlist.R$anim: int catalyst_push_up_out
com.bitlist.R$anim: int catalyst_slide_down
com.bitlist.R$anim: int catalyst_slide_up
com.bitlist.R$attr: int actionBarDivider
com.bitlist.R$attr: int actionBarItemBackground
com.bitlist.R$attr: int actionBarPopupTheme
com.bitlist.R$attr: int actionBarSize
com.bitlist.R$attr: int actionBarSplitStyle
com.bitlist.R$attr: int actionBarStyle
com.bitlist.R$attr: int actionBarTabBarStyle
com.bitlist.R$attr: int actionBarTabStyle
com.bitlist.R$attr: int actionBarTabTextStyle
com.bitlist.R$attr: int actionBarTheme
com.bitlist.R$attr: int actionBarWidgetTheme
com.bitlist.R$attr: int actionButtonStyle
com.bitlist.R$attr: int actionDropDownStyle
com.bitlist.R$attr: int actionLayout
com.bitlist.R$attr: int actionMenuTextAppearance
com.bitlist.R$attr: int actionMenuTextColor
com.bitlist.R$attr: int actionModeBackground
com.bitlist.R$attr: int actionModeCloseButtonStyle
com.bitlist.R$attr: int actionModeCloseDrawable
com.bitlist.R$attr: int actionModeCopyDrawable
com.bitlist.R$attr: int actionModeCutDrawable
com.bitlist.R$attr: int actionModeFindDrawable
com.bitlist.R$attr: int actionModePasteDrawable
com.bitlist.R$attr: int actionModePopupWindowStyle
com.bitlist.R$attr: int actionModeSelectAllDrawable
com.bitlist.R$attr: int actionModeShareDrawable
com.bitlist.R$attr: int actionModeSplitBackground
com.bitlist.R$attr: int actionModeStyle
com.bitlist.R$attr: int actionModeWebSearchDrawable
com.bitlist.R$attr: int actionOverflowButtonStyle
com.bitlist.R$attr: int actionOverflowMenuStyle
com.bitlist.R$attr: int actionProviderClass
com.bitlist.R$attr: int actionViewClass
com.bitlist.R$bool: int abc_action_bar_embed_tabs
com.bitlist.R$bool: int abc_action_bar_embed_tabs_pre_jb
com.bitlist.R$bool: int abc_action_bar_expanded_action_views_exclusive
com.bitlist.R$bool: int abc_config_actionMenuItemAllCaps
com.bitlist.R$bool: int abc_config_allowActionMenuItemTextWithIcon
com.bitlist.R$bool: int abc_config_closeDialogWhenTouchOutside
com.bitlist.R$bool: int abc_config_showMenuShortcutsWhenKeyboardPresent
...
com.facebook.yoga.YogaPositionType
com.facebook.yoga.YogaPositionType: com.facebook.yoga.YogaPositionType[] values()
com.facebook.yoga.YogaPositionType: com.facebook.yoga.YogaPositionType valueOf(java.lang.String)
com.facebook.yoga.YogaPrintOptions
com.facebook.yoga.YogaPrintOptions: com.facebook.yoga.YogaPrintOptions[] values()
com.facebook.yoga.YogaPrintOptions: com.facebook.yoga.YogaPrintOptions valueOf(java.lang.String)
com.facebook.yoga.YogaUnit
com.facebook.yoga.YogaUnit: com.facebook.yoga.YogaUnit[] values()
com.facebook.yoga.YogaUnit: com.facebook.yoga.YogaUnit valueOf(java.lang.String)
com.facebook.yoga.YogaValue
com.facebook.yoga.YogaValue: YogaValue(float,int)
com.facebook.yoga.YogaWrap
com.facebook.yoga.YogaWrap: com.facebook.yoga.YogaWrap[] values()
com.facebook.yoga.YogaWrap: com.facebook.yoga.YogaWrap valueOf(java.lang.String)
javax.annotation.meta.When: javax.annotation.meta.When[] values()
javax.annotation.meta.When: javax.annotation.meta.When valueOf(java.lang.String)
okhttp3.Address
okhttp3.Address: okhttp3.HttpUrl url
okhttp3.Address: okhttp3.Dns dns
okhttp3.Address: javax.net.SocketFactory socketFactory
okhttp3.Address: okhttp3.Authenticator proxyAuthenticator
okhttp3.Address: java.util.List protocols
okhttp3.Address: java.util.List connectionSpecs
okhttp3.Address: java.net.ProxySelector proxySelector
okhttp3.Address: java.net.Proxy proxy
okhttp3.Address: javax.net.ssl.SSLSocketFactory sslSocketFactory
okhttp3.Address: javax.net.ssl.HostnameVerifier hostnameVerifier
okhttp3.Address: okhttp3.CertificatePinner certificatePinner
okhttp3.Address: Address(java.lang.String,int,okhttp3.Dns,javax.net.SocketFactory,javax.net.ssl.SSLSocketFactory,javax.net.ssl.HostnameVerifier,okhttp3.CertificatePinner,okhttp3.Authenticator,java.net.Proxy,java.util.List,java.util.List,java.net.ProxySelector)
okhttp3.Address: okhttp3.HttpUrl url()
okhttp3.Address: okhttp3.Dns dns()
okhttp3.Address: javax.net.SocketFactory socketFactory()
okhttp3.Address: okhttp3.Authenticator proxyAuthenticator()
okhttp3.Address: java.util.List protocols()
okhttp3.Address: java.util.List connectionSpecs()
okhttp3.Address: java.net.ProxySelector proxySelector()
okhttp3.Address: java.net.Proxy proxy()
okhttp3.Address: javax.net.ssl.SSLSocketFactory sslSocketFactory()
okhttp3.Address: javax.net.ssl.HostnameVerifier hostnameVerifier()
okhttp3.Address: okhttp3.CertificatePinner certificatePinner()
okhttp3.Address: boolean equals(java.lang.Object)
okhttp3.Address: int hashCode()
okhttp3.Authenticator
okhttp3.Authenticator: okhttp3.Authenticator NONE
okhttp3.Authenticator: okhttp3.Request authenticate(okhttp3.Route,okhttp3.Response)
okhttp3.Authenticator: void <clinit>()
okhttp3.Authenticator$1
okhttp3.Authenticator$1: Authenticator$1()
okhttp3.Authenticator$1: okhttp3.Request authenticate(okhttp3.Route,okhttp3.Response)